<?xml version="1.0" encoding="UTF-8"?>
<robot generator="Robot 4.0.3 (Python 3.9.5 on win32)" generated="20211222 22:38:56.388" rpa="false" schemaversion="2">
<suite id="s1" name="Tests" source="C:\Users\seyma\GitHub\MyStudies\robot_framework\12_PassingVariablesToKeywords.robot\tests">
<suite id="s1-s1" name="Passing" source="C:\Users\seyma\GitHub\MyStudies\robot_framework\12_PassingVariablesToKeywords.robot\tests\passing.robot">
<test id="s1-s1-t1" name="User can search for products">
<kw name="Set Variable" library="BuiltIn">
<var>@{url_and_browser}</var>
<arg>https://www.amazon.com</arg>
<arg>gc</arg>
<doc>Returns the given values which can then be assigned to a variables.</doc>
<msg timestamp="20211222 22:38:56.575" level="INFO">@{url_and_browser} = [ https://www.amazon.com | gc ]</msg>
<status status="PASS" starttime="20211222 22:38:56.575" endtime="20211222 22:38:56.575"/>
</kw>
<status status="PASS" starttime="20211222 22:38:56.574" endtime="20211222 22:38:56.575"/>
</test>
<status status="PASS" starttime="20211222 22:38:56.417" endtime="20211222 22:38:56.577"/>
</suite>
<status status="PASS" starttime="20211222 22:38:56.389" endtime="20211222 22:38:56.579"/>
</suite>
<statistics>
<total>
<stat pass="1" fail="0" skip="0">All Tests</stat>
</total>
<tag>
</tag>
<suite>
<stat pass="1" fail="0" skip="0" id="s1" name="Tests">Tests</stat>
<stat pass="1" fail="0" skip="0" id="s1-s1" name="Passing">Tests.Passing</stat>
</suite>
</statistics>
<errors>
</errors>
</robot>
