<?xml version="1.0" encoding="UTF-8"?>
<robot generator="Robot 4.0.3 (Python 3.9.5 on win32)" generated="20211222 21:12:13.970" rpa="false" schemaversion="2">
<suite id="s1" name="Amazon(Use Variables to Centralize Data) - Copy" source="C:\Users\seyma\GitHub\MyStudies\robot_framework\Amazon(Use Variables to Centralize Data) - Copy">
<suite id="s1-s1" name="Tests" source="C:\Users\seyma\GitHub\MyStudies\robot_framework\Amazon(Use Variables to Centralize Data) - Copy\Tests">
<suite id="s1-s1-s1" name="Amazon" source="C:\Users\seyma\GitHub\MyStudies\robot_framework\Amazon(Use Variables to Centralize Data) - Copy\Tests\Amazon.robot">
<test id="s1-s1-s1-t1" name="Logout User must sign in to check out">
<kw name="Begin Web Test" library="Common" type="SETUP">
<kw name="Open Browser" library="SeleniumLibrary">
<arg>about:blank</arg>
<arg>${BROWSER}</arg>
<doc>Opens a new browser instance to the optional ``url``.</doc>
<msg timestamp="20211222 21:12:14.189" level="INFO">Opening browser 'gc' to base url 'about:blank'.</msg>
<status status="PASS" starttime="20211222 21:12:14.189" endtime="20211222 21:12:15.433"/>
</kw>
<status status="PASS" starttime="20211222 21:12:14.189" endtime="20211222 21:12:15.433"/>
</kw>
<kw name="Search for Products" library="AmazonApp">
<kw name="Load" library="LandingPage">
<kw name="Go To" library="SeleniumLibrary">
<arg>${START_URL}</arg>
<doc>Navigates the current browser window to the provided ``url``.</doc>
<msg timestamp="20211222 21:12:15.435" level="INFO">Opening url 'https://www.amazon.com'</msg>
<status status="PASS" starttime="20211222 21:12:15.435" endtime="20211222 21:12:17.972"/>
</kw>
<status status="PASS" starttime="20211222 21:12:15.434" endtime="20211222 21:12:17.972"/>
</kw>
<kw name="Verify Page Loaded" library="LandingPage">
<kw name="Wait Until Page Contains" library="SeleniumLibrary">
<arg>Hello, Sign in</arg>
<doc>Waits until ``text`` appears on the current page.</doc>
<status status="PASS" starttime="20211222 21:12:17.973" endtime="20211222 21:12:18.046"/>
</kw>
<status status="PASS" starttime="20211222 21:12:17.972" endtime="20211222 21:12:18.046"/>
</kw>
<kw name="Enter Search Term" library="TopNav">
<kw name="Input Text" library="SeleniumLibrary">
<arg>id=twotabsearchtextbox</arg>
<arg>${SEARCH_TERM}</arg>
<doc>Types the given ``text`` into the text field identified by ``locator``.</doc>
<msg timestamp="20211222 21:12:18.047" level="INFO">Typing text 'Lamborghini Gallardo' into text field 'id=twotabsearchtextbox'.</msg>
<status status="PASS" starttime="20211222 21:12:18.047" endtime="20211222 21:12:18.237"/>
</kw>
<status status="PASS" starttime="20211222 21:12:18.046" endtime="20211222 21:12:18.237"/>
</kw>
<kw name="Submit Search" library="TopNav">
<kw name="Click Button" library="SeleniumLibrary">
<arg>xpath=//*[@id="nav-search-submit-button"]</arg>
<doc>Clicks the button identified by ``locator``.</doc>
<msg timestamp="20211222 21:12:18.238" level="INFO">Clicking button 'xpath=//*[@id="nav-search-submit-button"]'.</msg>
<status status="PASS" starttime="20211222 21:12:18.238" endtime="20211222 21:12:20.265"/>
</kw>
<status status="PASS" starttime="20211222 21:12:18.237" endtime="20211222 21:12:20.265"/>
</kw>
<kw name="Verify Page Loaded" library="TopNav">
<kw name="Wait Until Page Contains" library="SeleniumLibrary">
<arg>results for "${SEARCH_TERM}"</arg>
<doc>Waits until ``text`` appears on the current page.</doc>
<status status="PASS" starttime="20211222 21:12:20.266" endtime="20211222 21:12:20.346"/>
</kw>
<status status="PASS" starttime="20211222 21:12:20.265" endtime="20211222 21:12:20.346"/>
</kw>
<status status="PASS" starttime="20211222 21:12:15.433" endtime="20211222 21:12:20.346"/>
</kw>
<kw name="Select Product from Search Results" library="AmazonApp">
<kw name="Click Product Link" library="SearchResults">
<kw name="Click Link" library="SeleniumLibrary">
<arg>xpath=//*[@id="search"]/div[1]/div[1]/div/span[3]/div[2]/div[3]/div/span/div/div/div[2]/div[1]/h2/a</arg>
<doc>Clicks a link identified by ``locator``.</doc>
<msg timestamp="20211222 21:12:20.348" level="INFO">Clicking link 'xpath=//*[@id="search"]/div[1]/div[1]/div/span[3]/div[2]/div[3]/div/span/div/div/div[2]/div[1]/h2/a'.</msg>
<status status="PASS" starttime="20211222 21:12:20.347" endtime="20211222 21:12:24.666"/>
</kw>
<status status="PASS" starttime="20211222 21:12:20.347" endtime="20211222 21:12:24.666"/>
</kw>
<kw name="Verify Page Loaded" library="SearchResults">
<kw name="Wait Until Page Contains" library="SeleniumLibrary">
<arg>Back to results</arg>
<doc>Waits until ``text`` appears on the current page.</doc>
<status status="PASS" starttime="20211222 21:12:24.667" endtime="20211222 21:12:24.723"/>
</kw>
<status status="PASS" starttime="20211222 21:12:24.666" endtime="20211222 21:12:24.723"/>
</kw>
<status status="PASS" starttime="20211222 21:12:20.346" endtime="20211222 21:12:24.723"/>
</kw>
<kw name="End Web Test" library="Common" type="TEARDOWN">
<kw name="Close Browser" library="SeleniumLibrary">
<doc>Closes the current browser.</doc>
<status status="PASS" starttime="20211222 21:12:24.724" endtime="20211222 21:12:26.846"/>
</kw>
<status status="PASS" starttime="20211222 21:12:24.723" endtime="20211222 21:12:26.847"/>
</kw>
<doc>This is some basic info about the test</doc>
<tag>Smoke</tag>
<status status="PASS" starttime="20211222 21:12:14.188" endtime="20211222 21:12:26.847"/>
</test>
<doc>This is some basic info about the whole suite</doc>
<status status="PASS" starttime="20211222 21:12:13.997" endtime="20211222 21:12:26.850"/>
</suite>
<status status="PASS" starttime="20211222 21:12:13.995" endtime="20211222 21:12:26.855"/>
</suite>
<status status="PASS" starttime="20211222 21:12:13.972" endtime="20211222 21:12:26.858"/>
</suite>
<statistics>
<total>
<stat pass="1" fail="0" skip="0">All Tests</stat>
</total>
<tag>
<stat pass="1" fail="0" skip="0">Smoke</stat>
</tag>
<suite>
<stat pass="1" fail="0" skip="0" id="s1" name="Amazon(Use Variables to Centralize Data) - Copy">Amazon(Use Variables to Centralize Data) - Copy</stat>
<stat pass="1" fail="0" skip="0" id="s1-s1" name="Tests">Amazon(Use Variables to Centralize Data) - Copy.Tests</stat>
<stat pass="1" fail="0" skip="0" id="s1-s1-s1" name="Amazon">Amazon(Use Variables to Centralize Data) - Copy.Tests.Amazon</stat>
</suite>
</statistics>
<errors>
</errors>
</robot>
