<?xml version="1.0" encoding="UTF-8"?>
<robot generator="Robot 4.0.3 (Python 3.9.5 on win32)" generated="20211222 23:39:10.693" rpa="false" schemaversion="2">
<suite id="s1" name="Tests" source="C:\Users\seyma\GitHub\MyStudies\robot_framework\13_Modify_Project_With_Variables\tests">
<suite id="s1-s1" name="Amazon" source="C:\Users\seyma\GitHub\MyStudies\robot_framework\13_Modify_Project_With_Variables\tests\Amazon.robot">
<test id="s1-s1-t1" name="Logged out user must sign in to check out">
<kw name="Begin Web Test" library="Common" type="SETUP">
<kw name="Open Browser" library="SeleniumLibrary">
<arg>about:blank</arg>
<arg>${BROWSER}</arg>
<doc>Opens a new browser instance to the optional ``url``.</doc>
<msg timestamp="20211222 23:39:11.043" level="INFO">Opening browser 'chrome' to base url 'about:blank'.</msg>
<status status="PASS" starttime="20211222 23:39:11.042" endtime="20211222 23:39:12.577"/>
</kw>
<status status="PASS" starttime="20211222 23:39:11.042" endtime="20211222 23:39:12.577"/>
</kw>
<kw name="Search for Products" library="AmazonApp">
<kw name="Load" library="LandingPage">
<kw name="Go To" library="SeleniumLibrary">
<arg>${START_URL}</arg>
<doc>Navigates the current browser window to the provided ``url``.</doc>
<msg timestamp="20211222 23:39:12.579" level="INFO">Opening url 'https://www.amazon.com'</msg>
<status status="PASS" starttime="20211222 23:39:12.579" endtime="20211222 23:39:14.850"/>
</kw>
<status status="PASS" starttime="20211222 23:39:12.578" endtime="20211222 23:39:14.850"/>
</kw>
<kw name="Verify Page Loaded" library="LandingPage">
<kw name="Wait Until Page Contains" library="SeleniumLibrary">
<arg>Hello</arg>
<doc>Waits until ``text`` appears on the current page.</doc>
<status status="PASS" starttime="20211222 23:39:14.851" endtime="20211222 23:39:14.979"/>
</kw>
<status status="PASS" starttime="20211222 23:39:14.850" endtime="20211222 23:39:14.980"/>
</kw>
<kw name="Enter Search Term" library="TopNav">
<kw name="Input Text" library="SeleniumLibrary">
<arg>id=twotabsearchtextbox</arg>
<arg>${SEARCH_TERM}</arg>
<doc>Types the given ``text`` into the text field identified by ``locator``.</doc>
<msg timestamp="20211222 23:39:14.982" level="INFO">Typing text 'Book' into text field 'id=twotabsearchtextbox'.</msg>
<status status="PASS" starttime="20211222 23:39:14.981" endtime="20211222 23:39:15.174"/>
</kw>
<status status="PASS" starttime="20211222 23:39:14.980" endtime="20211222 23:39:15.174"/>
</kw>
<kw name="Submit Search" library="TopNav">
<kw name="Click Button" library="SeleniumLibrary">
<arg>xpath=//*[@id="nav-search-submit-button"]</arg>
<doc>Clicks the button identified by ``locator``.</doc>
<msg timestamp="20211222 23:39:15.176" level="INFO">Clicking button 'xpath=//*[@id="nav-search-submit-button"]'.</msg>
<status status="PASS" starttime="20211222 23:39:15.175" endtime="20211222 23:39:16.973"/>
</kw>
<status status="PASS" starttime="20211222 23:39:15.175" endtime="20211222 23:39:16.973"/>
</kw>
<kw name="Verify Search Completed" library="SearchResults">
<kw name="Wait Until Page Contains" library="SeleniumLibrary">
<arg>results for "${SEARCH_TERM}"</arg>
<doc>Waits until ``text`` appears on the current page.</doc>
<kw name="Capture Page Screenshot" library="SeleniumLibrary">
<doc>Takes a screenshot of the current page and embeds it into a log file.</doc>
<msg timestamp="20211222 23:39:22.479" level="INFO" html="true">&lt;/td&gt;&lt;/tr&gt;&lt;tr&gt;&lt;td colspan="3"&gt;&lt;a href="selenium-screenshot-81.png"&gt;&lt;img src="selenium-screenshot-81.png" width="800px"&gt;&lt;/a&gt;</msg>
<status status="PASS" starttime="20211222 23:39:21.978" endtime="20211222 23:39:22.480"/>
</kw>
<msg timestamp="20211222 23:39:22.482" level="FAIL">Text 'results for "Book"' did not appear in 5 seconds.</msg>
<status status="FAIL" starttime="20211222 23:39:16.974" endtime="20211222 23:39:22.482"/>
</kw>
<status status="FAIL" starttime="20211222 23:39:16.973" endtime="20211222 23:39:22.483"/>
</kw>
<status status="FAIL" starttime="20211222 23:39:12.577" endtime="20211222 23:39:22.483"/>
</kw>
<kw name="Select Product from Search Results" library="AmazonApp">
<status status="NOT RUN" starttime="20211222 23:39:22.484" endtime="20211222 23:39:22.484"/>
</kw>
<kw name="Add Product to Cart" library="AmazonApp">
<status status="NOT RUN" starttime="20211222 23:39:22.484" endtime="20211222 23:39:22.484"/>
</kw>
<kw name="Begin Checkout" library="AmazonApp">
<status status="NOT RUN" starttime="20211222 23:39:22.485" endtime="20211222 23:39:22.485"/>
</kw>
<kw name="End Web Test" library="Common" type="TEARDOWN">
<kw name="Close Browser" library="SeleniumLibrary">
<doc>Closes the current browser.</doc>
<status status="PASS" starttime="20211222 23:39:22.487" endtime="20211222 23:39:24.685"/>
</kw>
<status status="PASS" starttime="20211222 23:39:22.486" endtime="20211222 23:39:24.685"/>
</kw>
<status status="FAIL" starttime="20211222 23:39:11.041" endtime="20211222 23:39:24.686">Text 'results for "Book"' did not appear in 5 seconds.</status>
</test>
<doc>This is some basic info about the whole suite</doc>
<status status="FAIL" starttime="20211222 23:39:10.727" endtime="20211222 23:39:24.688"/>
</suite>
<status status="FAIL" starttime="20211222 23:39:10.695" endtime="20211222 23:39:24.691"/>
</suite>
<statistics>
<total>
<stat pass="0" fail="1" skip="0">All Tests</stat>
</total>
<tag>
</tag>
<suite>
<stat pass="0" fail="1" skip="0" id="s1" name="Tests">Tests</stat>
<stat pass="0" fail="1" skip="0" id="s1-s1" name="Amazon">Tests.Amazon</stat>
</suite>
</statistics>
<errors>
</errors>
</robot>
