<?xml version="1.0" encoding="UTF-8"?>
<robot generator="Robot 4.0.3 (Python 3.9.5 on win32)" generated="20211213 14:07:44.748" rpa="false" schemaversion="2">
<suite id="s1" name="Amazon" source="C:\Users\seyma\GitHub\python-project1\Robot Framework-amazon\tests\Amazon.robot">
<test id="s1-t1" name="User must sign in to check out">
<kw name="Open Browser" library="SeleniumLibrary">
<arg>http://www.amazon.com</arg>
<arg>chrome</arg>
<doc>Opens a new browser instance to the optional ``url``.</doc>
<msg timestamp="20211213 14:07:44.936" level="INFO">Opening browser 'chrome' to base url 'http://www.amazon.com'.</msg>
<status status="PASS" starttime="20211213 14:07:44.936" endtime="20211213 14:07:47.746"/>
</kw>
<kw name="Sleep" library="BuiltIn">
<arg>3s</arg>
<doc>Pauses the test executed for the given time.</doc>
<msg timestamp="20211213 14:07:50.756" level="INFO">Slept 3 seconds</msg>
<status status="PASS" starttime="20211213 14:07:47.747" endtime="20211213 14:07:50.756"/>
</kw>
<kw name="Close Browser" library="SeleniumLibrary">
<doc>Closes the current browser.</doc>
<status status="PASS" starttime="20211213 14:07:50.756" endtime="20211213 14:07:52.915"/>
</kw>
<doc>This is some basic info about the test</doc>
<tag>Smoke</tag>
<status status="PASS" starttime="20211213 14:07:44.935" endtime="20211213 14:07:52.916"/>
</test>
<doc>This is some basic info about the whole suite</doc>
<status status="PASS" starttime="20211213 14:07:44.750" endtime="20211213 14:07:52.919"/>
</suite>
<statistics>
<total>
<stat pass="1" fail="0" skip="0">All Tests</stat>
</total>
<tag>
<stat pass="1" fail="0" skip="0">Smoke</stat>
</tag>
<suite>
<stat pass="1" fail="0" skip="0" id="s1" name="Amazon">Amazon</stat>
</suite>
</statistics>
<errors>
</errors>
</robot>
