<?xml version="1.0" encoding="UTF-8"?>
<robot generator="Robot 4.0.3 (Python 3.9.5 on win32)" generated="20211221 23:19:24.052" rpa="false" schemaversion="2">
<suite id="s1" name="Amazon(Page Objects)" source="C:\Users\seyma\GitHub\MyStudies\robot_framework\Amazon(Page Objects)">
<suite id="s1-s1" name="Tests" source="C:\Users\seyma\GitHub\MyStudies\robot_framework\Amazon(Page Objects)\Tests">
<suite id="s1-s1-s1" name="Amazon" source="C:\Users\seyma\GitHub\MyStudies\robot_framework\Amazon(Page Objects)\Tests\Amazon.robot">
<kw name="Insert Testing Data" library="Common" type="SETUP">
<kw name="Log" library="BuiltIn">
<arg>I am setting up the test data...</arg>
<doc>Logs the given message with the given level.</doc>
<msg timestamp="20211221 23:19:24.250" level="INFO">I am setting up the test data...</msg>
<status status="PASS" starttime="20211221 23:19:24.250" endtime="20211221 23:19:24.250"/>
</kw>
<status status="PASS" starttime="20211221 23:19:24.250" endtime="20211221 23:19:24.250"/>
</kw>
<test id="s1-s1-s1-t1" name="Logout User must sign in to check out">
<kw name="Begin Web Test" library="Common" type="SETUP">
<kw name="Open Browser" library="SeleniumLibrary">
<arg>about:blank</arg>
<arg>gc</arg>
<doc>Opens a new browser instance to the optional ``url``.</doc>
<msg timestamp="20211221 23:19:24.252" level="INFO">Opening browser 'gc' to base url 'about:blank'.</msg>
<status status="PASS" starttime="20211221 23:19:24.252" endtime="20211221 23:19:25.456"/>
</kw>
<status status="PASS" starttime="20211221 23:19:24.252" endtime="20211221 23:19:25.456"/>
</kw>
<kw name="Search for Products" library="AmazonApp">
<kw name="Load" library="LandingPage">
<kw name="Go To" library="SeleniumLibrary">
<arg>http://www.amazon.com</arg>
<doc>Navigates the current browser window to the provided ``url``.</doc>
<msg timestamp="20211221 23:19:25.457" level="INFO">Opening url 'http://www.amazon.com'</msg>
<status status="PASS" starttime="20211221 23:19:25.457" endtime="20211221 23:19:26.775"/>
</kw>
<status status="PASS" starttime="20211221 23:19:25.456" endtime="20211221 23:19:26.775"/>
</kw>
<kw name="Verify Page Loaded" library="LandingPage">
<kw name="Wait Until Page Contains" library="SeleniumLibrary">
<arg>Hello, Sign in</arg>
<doc>Waits until ``text`` appears on the current page.</doc>
<status status="PASS" starttime="20211221 23:19:26.776" endtime="20211221 23:19:26.815"/>
</kw>
<status status="PASS" starttime="20211221 23:19:26.776" endtime="20211221 23:19:26.815"/>
</kw>
<kw name="Enter Search Term" library="TopNav">
<kw name="Input Text" library="SeleniumLibrary">
<arg>id=twotabsearchtextbox</arg>
<arg>Ferrari 458</arg>
<doc>Types the given ``text`` into the text field identified by ``locator``.</doc>
<msg timestamp="20211221 23:19:26.816" level="INFO">Typing text 'Ferrari 458' into text field 'id=twotabsearchtextbox'.</msg>
<status status="PASS" starttime="20211221 23:19:26.816" endtime="20211221 23:19:26.999"/>
</kw>
<status status="PASS" starttime="20211221 23:19:26.815" endtime="20211221 23:19:27.000"/>
</kw>
<kw name="Submit Search" library="TopNav">
<kw name="Click Button" library="SeleniumLibrary">
<arg>xpath=//*[@id="nav-search-submit-button"]</arg>
<doc>Clicks the button identified by ``locator``.</doc>
<msg timestamp="20211221 23:19:27.000" level="INFO">Clicking button 'xpath=//*[@id="nav-search-submit-button"]'.</msg>
<status status="PASS" starttime="20211221 23:19:27.000" endtime="20211221 23:19:29.185"/>
</kw>
<status status="PASS" starttime="20211221 23:19:27.000" endtime="20211221 23:19:29.185"/>
</kw>
<kw name="Verify Page Loaded" library="TopNav">
<kw name="Wait Until Page Contains" library="SeleniumLibrary">
<arg>results for "Ferrari 458"</arg>
<doc>Waits until ``text`` appears on the current page.</doc>
<status status="PASS" starttime="20211221 23:19:29.185" endtime="20211221 23:19:29.224"/>
</kw>
<status status="PASS" starttime="20211221 23:19:29.185" endtime="20211221 23:19:29.224"/>
</kw>
<status status="PASS" starttime="20211221 23:19:25.456" endtime="20211221 23:19:29.224"/>
</kw>
<kw name="Select Product from Search Results" library="AmazonApp">
<kw name="Click Product Link" library="SearchResults">
<kw name="Click Link" library="SeleniumLibrary">
<arg>xpath=//*[@id="search"]/div[1]/div[1]/div/span[3]/div[2]/div[3]/div/span/div/div/div[2]/div[1]/h2/a</arg>
<doc>Clicks a link identified by ``locator``.</doc>
<msg timestamp="20211221 23:19:29.225" level="INFO">Clicking link 'xpath=//*[@id="search"]/div[1]/div[1]/div/span[3]/div[2]/div[3]/div/span/div/div/div[2]/div[1]/h2/a'.</msg>
<status status="PASS" starttime="20211221 23:19:29.225" endtime="20211221 23:19:31.927"/>
</kw>
<status status="PASS" starttime="20211221 23:19:29.225" endtime="20211221 23:19:31.927"/>
</kw>
<kw name="Verify Page Loaded" library="SearchResults">
<kw name="Wait Until Page Contains" library="SeleniumLibrary">
<arg>Back to results</arg>
<doc>Waits until ``text`` appears on the current page.</doc>
<status status="PASS" starttime="20211221 23:19:31.928" endtime="20211221 23:19:31.985"/>
</kw>
<status status="PASS" starttime="20211221 23:19:31.927" endtime="20211221 23:19:31.985"/>
</kw>
<status status="PASS" starttime="20211221 23:19:29.225" endtime="20211221 23:19:31.986"/>
</kw>
<kw name="Add Product to Cart" library="AmazonApp">
<kw name="Add to Cart" library="Product">
<kw name="Click Button" library="SeleniumLibrary">
<arg>xpath=//*[@id="add-to-cart-button"]</arg>
<doc>Clicks the button identified by ``locator``.</doc>
<msg timestamp="20211221 23:19:31.986" level="INFO">Clicking button 'xpath=//*[@id="add-to-cart-button"]'.</msg>
<status status="PASS" starttime="20211221 23:19:31.986" endtime="20211221 23:19:33.163"/>
</kw>
<status status="PASS" starttime="20211221 23:19:31.986" endtime="20211221 23:19:33.163"/>
</kw>
<kw name="Verify Product Added" library="Cart">
<kw name="Wait Until Page Contains" library="SeleniumLibrary">
<arg>Shopping Cart</arg>
<doc>Waits until ``text`` appears on the current page.</doc>
<status status="PASS" starttime="20211221 23:19:33.163" endtime="20211221 23:19:33.210"/>
</kw>
<status status="PASS" starttime="20211221 23:19:33.163" endtime="20211221 23:19:33.210"/>
</kw>
<status status="PASS" starttime="20211221 23:19:31.986" endtime="20211221 23:19:33.210"/>
</kw>
<kw name="Begin Checkout" library="AmazonApp">
<kw name="Proceed to Checkout" library="Cart">
<kw name="Click Link" library="SeleniumLibrary">
<arg>xpath=//*[@id="nav-cart"]</arg>
<doc>Clicks a link identified by ``locator``.</doc>
<msg timestamp="20211221 23:19:33.211" level="INFO">Clicking link 'xpath=//*[@id="nav-cart"]'.</msg>
<status status="PASS" starttime="20211221 23:19:33.210" endtime="20211221 23:19:34.369"/>
</kw>
<status status="PASS" starttime="20211221 23:19:33.210" endtime="20211221 23:19:34.369"/>
</kw>
<kw name="Verify Product Added" library="Cart">
<kw name="Wait Until Page Contains" library="SeleniumLibrary">
<arg>Shopping Cart</arg>
<doc>Waits until ``text`` appears on the current page.</doc>
<status status="PASS" starttime="20211221 23:19:34.370" endtime="20211221 23:19:34.396"/>
</kw>
<status status="PASS" starttime="20211221 23:19:34.369" endtime="20211221 23:19:34.396"/>
</kw>
<kw name="Proceed to Buy" library="Cart">
<kw name="Click Button" library="SeleniumLibrary">
<arg>xpath=//*[@id="sc-buy-box-ptc-button"]/span/input</arg>
<doc>Clicks the button identified by ``locator``.</doc>
<msg timestamp="20211221 23:19:34.397" level="INFO">Clicking button 'xpath=//*[@id="sc-buy-box-ptc-button"]/span/input'.</msg>
<status status="PASS" starttime="20211221 23:19:34.397" endtime="20211221 23:19:35.587"/>
</kw>
<status status="PASS" starttime="20211221 23:19:34.396" endtime="20211221 23:19:35.587"/>
</kw>
<kw name="Verify Page Loaded" library="SignIn">
<kw name="Wait Until Page Contains" library="SeleniumLibrary">
<arg>Sign-In</arg>
<doc>Waits until ``text`` appears on the current page.</doc>
<status status="PASS" starttime="20211221 23:19:35.588" endtime="20211221 23:19:35.615"/>
</kw>
<status status="PASS" starttime="20211221 23:19:35.587" endtime="20211221 23:19:35.616"/>
</kw>
<status status="PASS" starttime="20211221 23:19:33.210" endtime="20211221 23:19:35.616"/>
</kw>
<kw name="End Web Test" library="Common" type="TEARDOWN">
<kw name="Custom Keyword 1" library="Common">
<kw name="Log" library="BuiltIn">
<arg>Doing keyword 1</arg>
<doc>Logs the given message with the given level.</doc>
<msg timestamp="20211221 23:19:35.617" level="INFO">Doing keyword 1</msg>
<status status="PASS" starttime="20211221 23:19:35.616" endtime="20211221 23:19:35.617"/>
</kw>
<status status="PASS" starttime="20211221 23:19:35.616" endtime="20211221 23:19:35.617"/>
</kw>
<kw name="Custom Keyword 2" library="Common">
<kw name="Log" library="BuiltIn">
<arg>Doing keyword 2</arg>
<doc>Logs the given message with the given level.</doc>
<msg timestamp="20211221 23:19:35.617" level="INFO">Doing keyword 2</msg>
<status status="PASS" starttime="20211221 23:19:35.617" endtime="20211221 23:19:35.617"/>
</kw>
<status status="PASS" starttime="20211221 23:19:35.617" endtime="20211221 23:19:35.617"/>
</kw>
<status status="PASS" starttime="20211221 23:19:35.616" endtime="20211221 23:19:35.617"/>
</kw>
<doc>This is some basic info about the test</doc>
<tag>Smoke</tag>
<status status="PASS" starttime="20211221 23:19:24.250" endtime="20211221 23:19:35.617"/>
</test>
<kw name="Cleanup Testing Data" library="Common" type="TEARDOWN">
<kw name="Log" library="BuiltIn">
<arg>I am cleaning up the test data...</arg>
<doc>Logs the given message with the given level.</doc>
<msg timestamp="20211221 23:19:35.618" level="INFO">I am cleaning up the test data...</msg>
<status status="PASS" starttime="20211221 23:19:35.618" endtime="20211221 23:19:35.618"/>
</kw>
<status status="PASS" starttime="20211221 23:19:35.618" endtime="20211221 23:19:35.618"/>
</kw>
<doc>This is some basic info about the whole suite</doc>
<status status="PASS" starttime="20211221 23:19:24.078" endtime="20211221 23:19:35.619"/>
</suite>
<status status="PASS" starttime="20211221 23:19:24.075" endtime="20211221 23:19:35.620"/>
</suite>
<status status="PASS" starttime="20211221 23:19:24.054" endtime="20211221 23:19:35.620"/>
</suite>
<statistics>
<total>
<stat pass="1" fail="0" skip="0">All Tests</stat>
</total>
<tag>
<stat pass="1" fail="0" skip="0">Smoke</stat>
</tag>
<suite>
<stat pass="1" fail="0" skip="0" id="s1" name="Amazon(Page Objects)">Amazon(Page Objects)</stat>
<stat pass="1" fail="0" skip="0" id="s1-s1" name="Tests">Amazon(Page Objects).Tests</stat>
<stat pass="1" fail="0" skip="0" id="s1-s1-s1" name="Amazon">Amazon(Page Objects).Tests.Amazon</stat>
</suite>
</statistics>
<errors>
</errors>
</robot>
