<?xml version="1.0" encoding="UTF-8"?>
<robot generator="Robot 4.0.3 (Python 3.9.5 on win32)" generated="20211222 21:42:22.377" rpa="false" schemaversion="2">
<suite id="s1" name="Tests" source="C:\Users\seyma\GitHub\MyStudies\robot_framework\g_variables-scalar\tests">
<suite id="s1-s1" name="Scalar" source="C:\Users\seyma\GitHub\MyStudies\robot_framework\g_variables-scalar\tests\Scalar.robot">
<test id="s1-s1-t1" name="Set a variable in the test case">
<kw name="Set Variable" library="BuiltIn">
<var>${my_new_variable}</var>
<arg>Seyma Akin</arg>
<doc>Returns the given values which can then be assigned to a variables.</doc>
<msg timestamp="20211222 21:42:22.402" level="INFO">${my_new_variable} = Seyma Akin</msg>
<status status="PASS" starttime="20211222 21:42:22.402" endtime="20211222 21:42:22.402"/>
</kw>
<kw name="Log" library="BuiltIn">
<arg>${my_new_variable}</arg>
<doc>Logs the given message with the given level.</doc>
<msg timestamp="20211222 21:42:22.403" level="INFO">Seyma Akin</msg>
<status status="PASS" starttime="20211222 21:42:22.403" endtime="20211222 21:42:22.403"/>
</kw>
<tag>Current</tag>
<status status="PASS" starttime="20211222 21:42:22.401" endtime="20211222 21:42:22.403"/>
</test>
<test id="s1-s1-t2" name="Variable demonstration">
<kw name="Log" library="BuiltIn">
<arg>${MY_VARIABLE}</arg>
<doc>Logs the given message with the given level.</doc>
<msg timestamp="20211222 21:42:22.404" level="INFO">Hello Seyma</msg>
<status status="PASS" starttime="20211222 21:42:22.404" endtime="20211222 21:42:22.404"/>
</kw>
<status status="PASS" starttime="20211222 21:42:22.404" endtime="20211222 21:42:22.405"/>
</test>
<test id="s1-s1-t3" name="Variable demonstration 2">
<kw name="Log" library="BuiltIn">
<arg>${MY_VARIABLE}</arg>
<doc>Logs the given message with the given level.</doc>
<msg timestamp="20211222 21:42:22.405" level="INFO">Hello Seyma</msg>
<status status="PASS" starttime="20211222 21:42:22.405" endtime="20211222 21:42:22.405"/>
</kw>
<status status="PASS" starttime="20211222 21:42:22.405" endtime="20211222 21:42:22.405"/>
</test>
<status status="PASS" starttime="20211222 21:42:22.399" endtime="20211222 21:42:22.406"/>
</suite>
<status status="PASS" starttime="20211222 21:42:22.379" endtime="20211222 21:42:22.407"/>
</suite>
<statistics>
<total>
<stat pass="3" fail="0" skip="0">All Tests</stat>
</total>
<tag>
<stat pass="1" fail="0" skip="0">Current</stat>
</tag>
<suite>
<stat pass="3" fail="0" skip="0" id="s1" name="Tests">Tests</stat>
<stat pass="3" fail="0" skip="0" id="s1-s1" name="Scalar">Tests.Scalar</stat>
</suite>
</statistics>
<errors>
</errors>
</robot>
