<?xml version="1.0" encoding="UTF-8"?>
<robot generator="Robot 4.0.3 (Python 3.9.5 on win32)" generated="20211213 14:35:29.278" rpa="false" schemaversion="2">
<suite id="s1" name="Open&amp;Close Browser" source="C:\Users\seyma\GitHub\MyStudies\robot_framework\open&amp;close_browser">
<suite id="s1-s1" name="Tests" source="C:\Users\seyma\GitHub\MyStudies\robot_framework\open&amp;close_browser\Tests">
<suite id="s1-s1-s1" name="Amazon" source="C:\Users\seyma\GitHub\MyStudies\robot_framework\open&amp;close_browser\Tests\Amazon.robot">
<test id="s1-s1-s1-t1" name="User must sign in to check out">
<kw name="Open Browser" library="SeleniumLibrary">
<arg>http://www.amazon.com</arg>
<arg>gc</arg>
<doc>Opens a new browser instance to the optional ``url``.</doc>
<msg timestamp="20211213 14:35:29.643" level="INFO">Opening browser 'gc' to base url 'http://www.amazon.com'.</msg>
<status status="PASS" starttime="20211213 14:35:29.643" endtime="20211213 14:35:33.472"/>
</kw>
<kw name="Sleep" library="BuiltIn">
<arg>3s</arg>
<doc>Pauses the test executed for the given time.</doc>
<msg timestamp="20211213 14:35:36.477" level="INFO">Slept 3 seconds</msg>
<status status="PASS" starttime="20211213 14:35:33.472" endtime="20211213 14:35:36.477"/>
</kw>
<kw name="Close Browser" library="SeleniumLibrary">
<doc>Closes the current browser.</doc>
<status status="PASS" starttime="20211213 14:35:36.477" endtime="20211213 14:35:38.645"/>
</kw>
<doc>This is some basic info about the test</doc>
<tag>Smoke</tag>
<status status="PASS" starttime="20211213 14:35:29.641" endtime="20211213 14:35:38.645"/>
</test>
<doc>This is some basic info about the whole suite</doc>
<status status="PASS" starttime="20211213 14:35:29.338" endtime="20211213 14:35:38.647"/>
</suite>
<status status="PASS" starttime="20211213 14:35:29.335" endtime="20211213 14:35:38.649"/>
</suite>
<status status="PASS" starttime="20211213 14:35:29.281" endtime="20211213 14:35:38.650"/>
</suite>
<statistics>
<total>
<stat pass="1" fail="0" skip="0">All Tests</stat>
</total>
<tag>
<stat pass="1" fail="0" skip="0">Smoke</stat>
</tag>
<suite>
<stat pass="1" fail="0" skip="0" id="s1" name="Open&amp;Close Browser">Open&amp;Close Browser</stat>
<stat pass="1" fail="0" skip="0" id="s1-s1" name="Tests">Open&amp;Close Browser.Tests</stat>
<stat pass="1" fail="0" skip="0" id="s1-s1-s1" name="Amazon">Open&amp;Close Browser.Tests.Amazon</stat>
</suite>
</statistics>
<errors>
</errors>
</robot>
