<?xml version="1.0" encoding="UTF-8"?>
<robot generator="Robot 4.0.3 (Python 3.9.5 on win32)" generated="20211221 20:41:46.181" rpa="false" schemaversion="2">
<suite id="s1" name="Amazon" source="C:\Users\seyma\GitHub\MyStudies\robot_framework\AmazonExample_udemy\tests\amazon.robot">
<test id="s1-t1" name="Logout User must sign in to check out">
<kw name="Begin Web Test">
<kw name="Open Browser" library="SeleniumLibrary">
<arg>about:blank</arg>
<arg>gc</arg>
<doc>Opens a new browser instance to the optional ``url``.</doc>
<msg timestamp="20211221 20:41:46.379" level="INFO">Opening browser 'gc' to base url 'about:blank'.</msg>
<status status="PASS" starttime="20211221 20:41:46.378" endtime="20211221 20:41:47.586"/>
</kw>
<status status="PASS" starttime="20211221 20:41:46.378" endtime="20211221 20:41:47.586"/>
</kw>
<kw name="Search for Products">
<kw name="Go To" library="SeleniumLibrary">
<arg>http://www.amazon.com</arg>
<doc>Navigates the current browser window to the provided ``url``.</doc>
<msg timestamp="20211221 20:41:47.589" level="INFO">Opening url 'http://www.amazon.com'</msg>
<status status="PASS" starttime="20211221 20:41:47.588" endtime="20211221 20:41:49.267"/>
</kw>
<kw name="Wait Until Page Contains" library="SeleniumLibrary">
<arg>Hello, Sign in</arg>
<doc>Waits until ``text`` appears on the current page.</doc>
<status status="PASS" starttime="20211221 20:41:49.267" endtime="20211221 20:41:49.348"/>
</kw>
<kw name="Input Text" library="SeleniumLibrary">
<arg>id=twotabsearchtextbox</arg>
<arg>Ferrari 458</arg>
<doc>Types the given ``text`` into the text field identified by ``locator``.</doc>
<msg timestamp="20211221 20:41:49.349" level="INFO">Typing text 'Ferrari 458' into text field 'id=twotabsearchtextbox'.</msg>
<status status="PASS" starttime="20211221 20:41:49.349" endtime="20211221 20:41:49.615"/>
</kw>
<kw name="Click Button" library="SeleniumLibrary">
<arg>xpath=//*[@id="nav-search-submit-button"]</arg>
<doc>Clicks the button identified by ``locator``.</doc>
<msg timestamp="20211221 20:41:49.616" level="INFO">Clicking button 'xpath=//*[@id="nav-search-submit-button"]'.</msg>
<status status="PASS" starttime="20211221 20:41:49.615" endtime="20211221 20:41:52.188"/>
</kw>
<kw name="Wait Until Page Contains" library="SeleniumLibrary">
<arg>results for "Ferrari 458"</arg>
<doc>Waits until ``text`` appears on the current page.</doc>
<status status="PASS" starttime="20211221 20:41:52.188" endtime="20211221 20:41:52.235"/>
</kw>
<status status="PASS" starttime="20211221 20:41:47.587" endtime="20211221 20:41:52.235"/>
</kw>
<kw name="Select Product from Search Results">
<kw name="Click Link" library="SeleniumLibrary">
<arg>xpath=//*[@id="search"]/div[1]/div[1]/div/span[3]/div[2]/div[3]/div/span/div/div/div[2]/div[1]/h2/a</arg>
<doc>Clicks a link identified by ``locator``.</doc>
<msg timestamp="20211221 20:41:52.236" level="INFO">Clicking link 'xpath=//*[@id="search"]/div[1]/div[1]/div/span[3]/div[2]/div[3]/div/span/div/div/div[2]/div[1]/h2/a'.</msg>
<status status="PASS" starttime="20211221 20:41:52.236" endtime="20211221 20:41:55.440"/>
</kw>
<kw name="Wait Until Page Contains" library="SeleniumLibrary">
<arg>Back to results</arg>
<doc>Waits until ``text`` appears on the current page.</doc>
<status status="PASS" starttime="20211221 20:41:55.440" endtime="20211221 20:41:55.520"/>
</kw>
<status status="PASS" starttime="20211221 20:41:52.235" endtime="20211221 20:41:55.521"/>
</kw>
<kw name="Add Product to Cart">
<kw name="Click Button" library="SeleniumLibrary">
<arg>xpath=//*[@id="add-to-cart-button"]</arg>
<doc>Clicks the button identified by ``locator``.</doc>
<msg timestamp="20211221 20:41:55.522" level="INFO">Clicking button 'xpath=//*[@id="add-to-cart-button"]'.</msg>
<status status="PASS" starttime="20211221 20:41:55.521" endtime="20211221 20:41:57.195"/>
</kw>
<kw name="Wait Until Page Contains" library="SeleniumLibrary">
<arg>Added to Cart</arg>
<doc>Waits until ``text`` appears on the current page.</doc>
<status status="PASS" starttime="20211221 20:41:57.195" endtime="20211221 20:41:57.391"/>
</kw>
<status status="PASS" starttime="20211221 20:41:55.521" endtime="20211221 20:41:57.391"/>
</kw>
<kw name="Begin Checkout">
<kw name="Click Link" library="SeleniumLibrary">
<arg>xpath=//*[@id="nav-cart"]</arg>
<doc>Clicks a link identified by ``locator``.</doc>
<msg timestamp="20211221 20:41:57.394" level="INFO">Clicking link 'xpath=//*[@id="nav-cart"]'.</msg>
<status status="PASS" starttime="20211221 20:41:57.393" endtime="20211221 20:41:58.848"/>
</kw>
<kw name="Wait Until Page Contains" library="SeleniumLibrary">
<arg>Shopping Cart</arg>
<doc>Waits until ``text`` appears on the current page.</doc>
<status status="PASS" starttime="20211221 20:41:58.848" endtime="20211221 20:41:58.874"/>
</kw>
<kw name="Click Button" library="SeleniumLibrary">
<arg>xpath=//*[@id="sc-buy-box-ptc-button"]/span/input</arg>
<doc>Clicks the button identified by ``locator``.</doc>
<msg timestamp="20211221 20:41:58.874" level="INFO">Clicking button 'xpath=//*[@id="sc-buy-box-ptc-button"]/span/input'.</msg>
<status status="PASS" starttime="20211221 20:41:58.874" endtime="20211221 20:42:00.449"/>
</kw>
<kw name="Wait Until Page Contains" library="SeleniumLibrary">
<arg>Sign-In</arg>
<doc>Waits until ``text`` appears on the current page.</doc>
<status status="PASS" starttime="20211221 20:42:00.449" endtime="20211221 20:42:00.486"/>
</kw>
<status status="PASS" starttime="20211221 20:41:57.392" endtime="20211221 20:42:00.486"/>
</kw>
<kw name="End Web Test">
<kw name="Close Browser" library="SeleniumLibrary">
<doc>Closes the current browser.</doc>
<status status="PASS" starttime="20211221 20:42:00.487" endtime="20211221 20:42:02.657"/>
</kw>
<status status="PASS" starttime="20211221 20:42:00.486" endtime="20211221 20:42:02.658"/>
</kw>
<doc>This is some basic info about the test</doc>
<tag>Smoke</tag>
<status status="PASS" starttime="20211221 20:41:46.377" endtime="20211221 20:42:02.659"/>
</test>
<status status="PASS" starttime="20211221 20:41:46.182" endtime="20211221 20:42:02.665"/>
</suite>
<statistics>
<total>
<stat pass="1" fail="0" skip="0">All Tests</stat>
</total>
<tag>
<stat pass="1" fail="0" skip="0">Smoke</stat>
</tag>
<suite>
<stat pass="1" fail="0" skip="0" id="s1" name="Amazon">Amazon</stat>
</suite>
</statistics>
<errors>
</errors>
</robot>
