<?xml version="1.0" encoding="UTF-8"?>
<robot generator="Robot 4.0.3 (Python 3.9.5 on win32)" generated="20211222 20:51:55.954" rpa="false" schemaversion="2">
<suite id="s1" name="Amazon" source="C:\Users\seyma\GitHub\MyStudies\robot_framework\Amazon(moving_keywords_to_resource_files)\tests\amazon.robot">
<kw name="Insert Testing Data" library="Common" type="SETUP">
<kw name="Log" library="BuiltIn">
<arg>I am setting up the test data...</arg>
<doc>Logs the given message with the given level.</doc>
<msg timestamp="20211222 20:51:56.142" level="INFO">I am setting up the test data...</msg>
<status status="PASS" starttime="20211222 20:51:56.142" endtime="20211222 20:51:56.142"/>
</kw>
<status status="PASS" starttime="20211222 20:51:56.142" endtime="20211222 20:51:56.142"/>
</kw>
<test id="s1-t1" name="Logout User search for a product">
<kw name="Begin Web Test" library="Common" type="SETUP">
<kw name="Open Browser" library="SeleniumLibrary">
<arg>about:blank</arg>
<arg>gc</arg>
<doc>Opens a new browser instance to the optional ``url``.</doc>
<msg timestamp="20211222 20:51:56.144" level="INFO">Opening browser 'gc' to base url 'about:blank'.</msg>
<status status="PASS" starttime="20211222 20:51:56.143" endtime="20211222 20:51:57.413"/>
</kw>
<status status="PASS" starttime="20211222 20:51:56.143" endtime="20211222 20:51:57.413"/>
</kw>
<kw name="Search for Products" library="AmazonApp">
<kw name="Go To" library="SeleniumLibrary">
<arg>http://www.amazon.com</arg>
<doc>Navigates the current browser window to the provided ``url``.</doc>
<msg timestamp="20211222 20:51:57.414" level="INFO">Opening url 'http://www.amazon.com'</msg>
<status status="PASS" starttime="20211222 20:51:57.413" endtime="20211222 20:51:58.945"/>
</kw>
<kw name="Wait Until Page Contains" library="SeleniumLibrary">
<arg>Hello, Sign in</arg>
<doc>Waits until ``text`` appears on the current page.</doc>
<status status="PASS" starttime="20211222 20:51:58.946" endtime="20211222 20:51:58.967"/>
</kw>
<kw name="Input Text" library="SeleniumLibrary">
<arg>id=twotabsearchtextbox</arg>
<arg>Ferrari 458</arg>
<doc>Types the given ``text`` into the text field identified by ``locator``.</doc>
<msg timestamp="20211222 20:51:58.968" level="INFO">Typing text 'Ferrari 458' into text field 'id=twotabsearchtextbox'.</msg>
<status status="PASS" starttime="20211222 20:51:58.967" endtime="20211222 20:51:59.121"/>
</kw>
<kw name="Click Button" library="SeleniumLibrary">
<arg>xpath=//*[@id="nav-search-submit-button"]</arg>
<doc>Clicks the button identified by ``locator``.</doc>
<msg timestamp="20211222 20:51:59.122" level="INFO">Clicking button 'xpath=//*[@id="nav-search-submit-button"]'.</msg>
<status status="PASS" starttime="20211222 20:51:59.122" endtime="20211222 20:52:01.446"/>
</kw>
<kw name="Wait Until Page Contains" library="SeleniumLibrary">
<arg>results for "Ferrari 458"</arg>
<doc>Waits until ``text`` appears on the current page.</doc>
<status status="PASS" starttime="20211222 20:52:01.446" endtime="20211222 20:52:01.495"/>
</kw>
<status status="PASS" starttime="20211222 20:51:57.413" endtime="20211222 20:52:01.495"/>
</kw>
<kw name="End Web Test" library="Common" type="TEARDOWN">
<kw name="Custom Keyword 1" library="Common">
<kw name="Log" library="BuiltIn">
<arg>Doing keyword 1</arg>
<doc>Logs the given message with the given level.</doc>
<msg timestamp="20211222 20:52:01.496" level="INFO">Doing keyword 1</msg>
<status status="PASS" starttime="20211222 20:52:01.496" endtime="20211222 20:52:01.496"/>
</kw>
<status status="PASS" starttime="20211222 20:52:01.496" endtime="20211222 20:52:01.497"/>
</kw>
<kw name="Custom Keyword 2" library="Common">
<kw name="Log" library="BuiltIn">
<arg>Doing keyword 2</arg>
<doc>Logs the given message with the given level.</doc>
<msg timestamp="20211222 20:52:01.497" level="INFO">Doing keyword 2</msg>
<status status="PASS" starttime="20211222 20:52:01.497" endtime="20211222 20:52:01.497"/>
</kw>
<status status="PASS" starttime="20211222 20:52:01.497" endtime="20211222 20:52:01.497"/>
</kw>
<status status="PASS" starttime="20211222 20:52:01.496" endtime="20211222 20:52:01.497"/>
</kw>
<doc>This is some basic info about the test</doc>
<tag>Smoke</tag>
<status status="PASS" starttime="20211222 20:51:56.142" endtime="20211222 20:52:01.498"/>
</test>
<test id="s1-t2" name="Logout User must sign in to check out">
<kw name="Begin Web Test" library="Common" type="SETUP">
<kw name="Open Browser" library="SeleniumLibrary">
<arg>about:blank</arg>
<arg>gc</arg>
<doc>Opens a new browser instance to the optional ``url``.</doc>
<msg timestamp="20211222 20:52:01.500" level="INFO">Opening browser 'gc' to base url 'about:blank'.</msg>
<status status="PASS" starttime="20211222 20:52:01.500" endtime="20211222 20:52:02.816"/>
</kw>
<status status="PASS" starttime="20211222 20:52:01.500" endtime="20211222 20:52:02.816"/>
</kw>
<kw name="Search for Products" library="AmazonApp">
<kw name="Go To" library="SeleniumLibrary">
<arg>http://www.amazon.com</arg>
<doc>Navigates the current browser window to the provided ``url``.</doc>
<msg timestamp="20211222 20:52:02.818" level="INFO">Opening url 'http://www.amazon.com'</msg>
<status status="PASS" starttime="20211222 20:52:02.818" endtime="20211222 20:52:04.455"/>
</kw>
<kw name="Wait Until Page Contains" library="SeleniumLibrary">
<arg>Hello, Sign in</arg>
<doc>Waits until ``text`` appears on the current page.</doc>
<status status="PASS" starttime="20211222 20:52:04.455" endtime="20211222 20:52:04.509"/>
</kw>
<kw name="Input Text" library="SeleniumLibrary">
<arg>id=twotabsearchtextbox</arg>
<arg>Ferrari 458</arg>
<doc>Types the given ``text`` into the text field identified by ``locator``.</doc>
<msg timestamp="20211222 20:52:04.510" level="INFO">Typing text 'Ferrari 458' into text field 'id=twotabsearchtextbox'.</msg>
<status status="PASS" starttime="20211222 20:52:04.509" endtime="20211222 20:52:04.725"/>
</kw>
<kw name="Click Button" library="SeleniumLibrary">
<arg>xpath=//*[@id="nav-search-submit-button"]</arg>
<doc>Clicks the button identified by ``locator``.</doc>
<msg timestamp="20211222 20:52:04.726" level="INFO">Clicking button 'xpath=//*[@id="nav-search-submit-button"]'.</msg>
<status status="PASS" starttime="20211222 20:52:04.726" endtime="20211222 20:52:07.093"/>
</kw>
<kw name="Wait Until Page Contains" library="SeleniumLibrary">
<arg>results for "Ferrari 458"</arg>
<doc>Waits until ``text`` appears on the current page.</doc>
<status status="PASS" starttime="20211222 20:52:07.093" endtime="20211222 20:52:07.140"/>
</kw>
<status status="PASS" starttime="20211222 20:52:02.818" endtime="20211222 20:52:07.140"/>
</kw>
<kw name="Select Product from Search Results" library="AmazonApp">
<kw name="Click Link" library="SeleniumLibrary">
<arg>xpath=//*[@id="search"]/div[1]/div[1]/div/span[3]/div[2]/div[3]/div/span/div/div/div[2]/div[1]/h2/a</arg>
<doc>Clicks a link identified by ``locator``.</doc>
<msg timestamp="20211222 20:52:07.141" level="INFO">Clicking link 'xpath=//*[@id="search"]/div[1]/div[1]/div/span[3]/div[2]/div[3]/div/span/div/div/div[2]/div[1]/h2/a'.</msg>
<status status="PASS" starttime="20211222 20:52:07.141" endtime="20211222 20:52:10.791"/>
</kw>
<kw name="Wait Until Page Contains" library="SeleniumLibrary">
<arg>Back to results</arg>
<doc>Waits until ``text`` appears on the current page.</doc>
<status status="PASS" starttime="20211222 20:52:10.792" endtime="20211222 20:52:10.865"/>
</kw>
<status status="PASS" starttime="20211222 20:52:07.141" endtime="20211222 20:52:10.865"/>
</kw>
<kw name="Add Product to Cart" library="AmazonApp">
<kw name="Click Button" library="SeleniumLibrary">
<arg>xpath=//*[@id="add-to-cart-button"]</arg>
<doc>Clicks the button identified by ``locator``.</doc>
<msg timestamp="20211222 20:52:10.866" level="INFO">Clicking button 'xpath=//*[@id="add-to-cart-button"]'.</msg>
<status status="PASS" starttime="20211222 20:52:10.866" endtime="20211222 20:52:12.356"/>
</kw>
<kw name="Wait Until Page Contains" library="SeleniumLibrary">
<arg>Added to Cart</arg>
<doc>Waits until ``text`` appears on the current page.</doc>
<status status="PASS" starttime="20211222 20:52:12.356" endtime="20211222 20:52:12.408"/>
</kw>
<status status="PASS" starttime="20211222 20:52:10.865" endtime="20211222 20:52:12.409"/>
</kw>
<kw name="Begin Checkout" library="AmazonApp">
<kw name="Click Link" library="SeleniumLibrary">
<arg>xpath=//*[@id="nav-cart"]</arg>
<doc>Clicks a link identified by ``locator``.</doc>
<msg timestamp="20211222 20:52:12.410" level="INFO">Clicking link 'xpath=//*[@id="nav-cart"]'.</msg>
<status status="PASS" starttime="20211222 20:52:12.410" endtime="20211222 20:52:13.614"/>
</kw>
<kw name="Wait Until Page Contains" library="SeleniumLibrary">
<arg>Shopping Cart</arg>
<doc>Waits until ``text`` appears on the current page.</doc>
<status status="PASS" starttime="20211222 20:52:13.615" endtime="20211222 20:52:13.638"/>
</kw>
<kw name="Click Button" library="SeleniumLibrary">
<arg>xpath=//*[@id="sc-buy-box-ptc-button"]/span/input</arg>
<doc>Clicks the button identified by ``locator``.</doc>
<msg timestamp="20211222 20:52:13.639" level="INFO">Clicking button 'xpath=//*[@id="sc-buy-box-ptc-button"]/span/input'.</msg>
<status status="PASS" starttime="20211222 20:52:13.639" endtime="20211222 20:52:15.250"/>
</kw>
<kw name="Wait Until Page Contains" library="SeleniumLibrary">
<arg>Sign-In</arg>
<doc>Waits until ``text`` appears on the current page.</doc>
<status status="PASS" starttime="20211222 20:52:15.250" endtime="20211222 20:52:15.288"/>
</kw>
<status status="PASS" starttime="20211222 20:52:12.409" endtime="20211222 20:52:15.288"/>
</kw>
<kw name="End Web Test" library="Common" type="TEARDOWN">
<kw name="Custom Keyword 1" library="Common">
<kw name="Log" library="BuiltIn">
<arg>Doing keyword 1</arg>
<doc>Logs the given message with the given level.</doc>
<msg timestamp="20211222 20:52:15.290" level="INFO">Doing keyword 1</msg>
<status status="PASS" starttime="20211222 20:52:15.289" endtime="20211222 20:52:15.290"/>
</kw>
<status status="PASS" starttime="20211222 20:52:15.289" endtime="20211222 20:52:15.290"/>
</kw>
<kw name="Custom Keyword 2" library="Common">
<kw name="Log" library="BuiltIn">
<arg>Doing keyword 2</arg>
<doc>Logs the given message with the given level.</doc>
<msg timestamp="20211222 20:52:15.290" level="INFO">Doing keyword 2</msg>
<status status="PASS" starttime="20211222 20:52:15.290" endtime="20211222 20:52:15.290"/>
</kw>
<status status="PASS" starttime="20211222 20:52:15.290" endtime="20211222 20:52:15.290"/>
</kw>
<status status="PASS" starttime="20211222 20:52:15.289" endtime="20211222 20:52:15.290"/>
</kw>
<doc>This is some basic info about the test</doc>
<tag>Smoke</tag>
<status status="PASS" starttime="20211222 20:52:01.499" endtime="20211222 20:52:15.291"/>
</test>
<kw name="Cleanup Testing Data" library="Common" type="TEARDOWN">
<kw name="Log" library="BuiltIn">
<arg>I am cleaning up the test data...</arg>
<doc>Logs the given message with the given level.</doc>
<msg timestamp="20211222 20:52:15.292" level="INFO">I am cleaning up the test data...</msg>
<status status="PASS" starttime="20211222 20:52:15.292" endtime="20211222 20:52:15.292"/>
</kw>
<status status="PASS" starttime="20211222 20:52:15.291" endtime="20211222 20:52:15.292"/>
</kw>
<doc>This is some basic info about the whole suite</doc>
<status status="PASS" starttime="20211222 20:51:55.956" endtime="20211222 20:52:15.292"/>
</suite>
<statistics>
<total>
<stat pass="2" fail="0" skip="0">All Tests</stat>
</total>
<tag>
<stat pass="2" fail="0" skip="0">Smoke</stat>
</tag>
<suite>
<stat pass="2" fail="0" skip="0" id="s1" name="Amazon">Amazon</stat>
</suite>
</statistics>
<errors>
</errors>
</robot>
