<?xml version="1.0" encoding="UTF-8"?>
<robot generator="Robot 4.0.3 (Python 3.9.5 on win32)" generated="20211214 14:44:06.839" rpa="false" schemaversion="2">
<suite id="s1" name="Amazon Signin" source="C:\Users\seyma\GitHub\MyStudies\robot_framework\signin_to_checkout\tests\amazon_signin.robot">
<test id="s1-t1" name="User must sign in to check out">
<kw name="Open Browser" library="SeleniumLibrary">
<arg>http://www.amazon.com</arg>
<arg>gc</arg>
<doc>Opens a new browser instance to the optional ``url``.</doc>
<msg timestamp="20211214 14:44:07.046" level="INFO">Opening browser 'gc' to base url 'http://www.amazon.com'.</msg>
<status status="PASS" starttime="20211214 14:44:07.045" endtime="20211214 14:44:09.510"/>
</kw>
<kw name="Sleep" library="BuiltIn">
<arg>3s</arg>
<doc>Pauses the test executed for the given time.</doc>
<msg timestamp="20211214 14:44:12.513" level="INFO">Slept 3 seconds</msg>
<status status="PASS" starttime="20211214 14:44:09.510" endtime="20211214 14:44:12.513"/>
</kw>
<kw name="Input Text" library="SeleniumLibrary">
<arg>id=twotabsearchtextbox</arg>
<arg>Ferrari 458</arg>
<doc>Types the given ``text`` into the text field identified by ``locator``.</doc>
<msg timestamp="20211214 14:44:12.513" level="INFO">Typing text 'Ferrari 458' into text field 'id=twotabsearchtextbox'.</msg>
<status status="PASS" starttime="20211214 14:44:12.513" endtime="20211214 14:44:12.611"/>
</kw>
<kw name="Sleep" library="BuiltIn">
<arg>3s</arg>
<doc>Pauses the test executed for the given time.</doc>
<msg timestamp="20211214 14:44:15.614" level="INFO">Slept 3 seconds</msg>
<status status="PASS" starttime="20211214 14:44:12.611" endtime="20211214 14:44:15.614"/>
</kw>
<kw name="Click Button" library="SeleniumLibrary">
<arg>xpath=//*[@id="nav-search-submit-button"]</arg>
<doc>Clicks the button identified by ``locator``.</doc>
<msg timestamp="20211214 14:44:15.614" level="INFO">Clicking button 'xpath=//*[@id="nav-search-submit-button"]'.</msg>
<status status="PASS" starttime="20211214 14:44:15.614" endtime="20211214 14:44:18.030"/>
</kw>
<kw name="Sleep" library="BuiltIn">
<arg>3s</arg>
<doc>Pauses the test executed for the given time.</doc>
<msg timestamp="20211214 14:44:21.045" level="INFO">Slept 3 seconds</msg>
<status status="PASS" starttime="20211214 14:44:18.030" endtime="20211214 14:44:21.045"/>
</kw>
<kw name="Click Link" library="SeleniumLibrary">
<arg>xpath=//*[@id="search"]/div[1]/div[1]/div/span[3]/div[2]/div[3]/div/span/div/div/div[2]/div[1]/h2/a</arg>
<doc>Clicks a link identified by ``locator``.</doc>
<msg timestamp="20211214 14:44:21.046" level="INFO">Clicking link 'xpath=//*[@id="search"]/div[1]/div[1]/div/span[3]/div[2]/div[3]/div/span/div/div/div[2]/div[1]/h2/a'.</msg>
<status status="PASS" starttime="20211214 14:44:21.045" endtime="20211214 14:44:23.821"/>
</kw>
<kw name="Sleep" library="BuiltIn">
<arg>3s</arg>
<doc>Pauses the test executed for the given time.</doc>
<msg timestamp="20211214 14:44:26.827" level="INFO">Slept 3 seconds</msg>
<status status="PASS" starttime="20211214 14:44:23.821" endtime="20211214 14:44:26.828"/>
</kw>
<kw name="Click Button" library="SeleniumLibrary">
<arg>xpath=//*[@id="add-to-cart-button"]</arg>
<doc>Clicks the button identified by ``locator``.</doc>
<msg timestamp="20211214 14:44:26.830" level="INFO">Clicking button 'xpath=//*[@id="add-to-cart-button"]'.</msg>
<status status="PASS" starttime="20211214 14:44:26.829" endtime="20211214 14:44:27.943"/>
</kw>
<kw name="Sleep" library="BuiltIn">
<arg>3s</arg>
<doc>Pauses the test executed for the given time.</doc>
<msg timestamp="20211214 14:44:30.951" level="INFO">Slept 3 seconds</msg>
<status status="PASS" starttime="20211214 14:44:27.943" endtime="20211214 14:44:30.951"/>
</kw>
<kw name="Click Link" library="SeleniumLibrary">
<arg>xpath=//*[@id="nav-cart"]</arg>
<doc>Clicks a link identified by ``locator``.</doc>
<msg timestamp="20211214 14:44:30.953" level="INFO">Clicking link 'xpath=//*[@id="nav-cart"]'.</msg>
<status status="PASS" starttime="20211214 14:44:30.952" endtime="20211214 14:44:32.314"/>
</kw>
<kw name="Sleep" library="BuiltIn">
<arg>3s</arg>
<doc>Pauses the test executed for the given time.</doc>
<msg timestamp="20211214 14:44:35.320" level="INFO">Slept 3 seconds</msg>
<status status="PASS" starttime="20211214 14:44:32.314" endtime="20211214 14:44:35.320"/>
</kw>
<kw name="Click Button" library="SeleniumLibrary">
<arg>xpath=//*[@id="sc-buy-box-ptc-button"]/span/input</arg>
<doc>Clicks the button identified by ``locator``.</doc>
<msg timestamp="20211214 14:44:35.320" level="INFO">Clicking button 'xpath=//*[@id="sc-buy-box-ptc-button"]/span/input'.</msg>
<status status="PASS" starttime="20211214 14:44:35.320" endtime="20211214 14:44:36.936"/>
</kw>
<kw name="Sleep" library="BuiltIn">
<arg>3s</arg>
<doc>Pauses the test executed for the given time.</doc>
<msg timestamp="20211214 14:44:39.943" level="INFO">Slept 3 seconds</msg>
<status status="PASS" starttime="20211214 14:44:36.936" endtime="20211214 14:44:39.943"/>
</kw>
<kw name="Page Should Contain" library="SeleniumLibrary">
<arg>Sign-In</arg>
<doc>Verifies that current page contains ``text``.</doc>
<msg timestamp="20211214 14:44:39.961" level="INFO">Current page contains text 'Sign-In'.</msg>
<status status="PASS" starttime="20211214 14:44:39.943" endtime="20211214 14:44:39.961"/>
</kw>
<kw name="Sleep" library="BuiltIn">
<arg>3s</arg>
<doc>Pauses the test executed for the given time.</doc>
<msg timestamp="20211214 14:44:42.976" level="INFO">Slept 3 seconds</msg>
<status status="PASS" starttime="20211214 14:44:39.961" endtime="20211214 14:44:42.976"/>
</kw>
<kw name="Close Browser" library="SeleniumLibrary">
<doc>Closes the current browser.</doc>
<status status="PASS" starttime="20211214 14:44:42.977" endtime="20211214 14:44:45.130"/>
</kw>
<doc>This is some basic info about the test</doc>
<tag>Smoke</tag>
<status status="PASS" starttime="20211214 14:44:07.045" endtime="20211214 14:44:45.130"/>
</test>
<doc>This is some basic info about the whole suite</doc>
<status status="PASS" starttime="20211214 14:44:06.841" endtime="20211214 14:44:45.132"/>
</suite>
<statistics>
<total>
<stat pass="1" fail="0" skip="0">All Tests</stat>
</total>
<tag>
<stat pass="1" fail="0" skip="0">Smoke</stat>
</tag>
<suite>
<stat pass="1" fail="0" skip="0" id="s1" name="Amazon Signin">Amazon Signin</stat>
</suite>
</statistics>
<errors>
</errors>
</robot>
